[2m7:23:25 PM[22m [31m[1m[vite][22m[39m [31m[2m(client)[22m[39m [31m[Unhandled error] [1mReferenceError[22m: EVENTS is not defined
[39m > WeddingInvitation wedding_invitation_2.tsx:755:15
    753 |                  <WhiteRose size={44}/>
    754 |                </div>
    755 |                {EVENTS.map((ev,i)=>(
        |                 ^
    756 |                  <div
    757 |                    key={ev.name}
 > Object.react_stack_bottom_frame node_modules/react-dom/cjs/react-dom-client.development.js:25904:19
 > renderWithHooks node_modules/react-dom/cjs/react-dom-client.development.js:7662:21
 > updateFunctionComponent node_modules/react-dom/cjs/react-dom-client.development.js:10166:18
 > beginWork node_modules/react-dom/cjs/react-dom-client.development.js:11778:17
 > runWithFiberInDEV node_modules/react-dom/cjs/react-dom-client.development.js:871:29
 > performUnitOfWork node_modules/react-dom/cjs/react-dom-client.development.js:17641:21
 > workLoopSync node_modules/react-dom/cjs/react-dom-client.development.js:17469:40
 > renderRootSync node_modules/react-dom/cjs/react-dom-client.development.js:17450:10
 > performWorkOnRoot node_modules/react-dom/cjs/react-dom-client.development.js:16583:34

[2m7:23:25 PM[22m [33m[1m[vite][22m[39m [33m[2m(client)[22m[39m [2m[console.warn] [22mAn error occurred in the <WeddingInvitation> component.

Consider adding an error boundary to your tree to customize error handling behavior.
Visit https://react.dev/link/error-boundaries to learn more about error boundaries.

[2m10:09:44 PM[22m [31m[1m[vite][22m[39m [31mInternal server error: Transform failed with 1 error:

[31m[PARSE_ERROR] [0mEmpty parenthesized expression
     [38;5;246m╭[0m[38;5;246m─[0m[38;5;246m[[0m wedding_invitation_2.tsx:789:45 [38;5;246m][0m
     [38;5;246m│[0m
 [38;5;246m789 │[0m ╭─▶ [38;5;249m [0m[38;5;249m [0m[38;5;249m [0m[38;5;249m [0m[38;5;249m [0m[38;5;249m [0m[38;5;249m{[0m[38;5;249mg[0m[38;5;249mr[0m[38;5;249mo[0m[38;5;249mu[0m[38;5;249mp[0m[38;5;249m.[0m[38;5;249me[0m[38;5;249mv[0m[38;5;249me[0m[38;5;249mn[0m[38;5;249mt[0m[38;5;249ms[0m[38;5;249m.[0m[38;5;249mm[0m[38;5;249ma[0m[38;5;249mp[0m[38;5;249m([0m[38;5;249m([0m[38;5;249me[0m[38;5;249mv[0m[38;5;249m,[0m[38;5;249m [0m[38;5;249me[0m[38;5;249mv[0m[38;5;249me[0m[38;5;249mn[0m[38;5;249mt[0m[38;5;249mI[0m[38;5;249mn[0m[38;5;249md[0m[38;5;249me[0m[38;5;249mx[0m[38;5;249m)[0m[38;5;249m [0m[38;5;249m=[0m[38;5;249m>[0m[38;5;249m [0m(
 [38;5;240m    ┆[0m ┆   
 [38;5;246m791 │[0m ├─▶       )[38;5;249m)[0m[38;5;249m}[0m
 [38;5;240m    │[0m │               
 [38;5;240m    │[0m ╰─────────────── 
[38;5;246m─────╯[0m
[39m
  Plugin: [35mvite:oxc[39m
  File: [36mD:/krishnakant_prewedding/Wedding_invite_digital/wedding_invitation_2.tsx[39m
      at transformWithOxc (file:///D:/krishnakant_prewedding/Wedding_invite_digital/node_modules/vite/dist/node/chunks/node.js:3344:19)
      at TransformPluginContext.transform (file:///D:/krishnakant_prewedding/Wedding_invite_digital/node_modules/vite/dist/node/chunks/node.js:3415:26)
      at EnvironmentPluginContainer.transform (file:///D:/krishnakant_prewedding/Wedding_invite_digital/node_modules/vite/dist/node/chunks/node.js:30387:51)
      at async loadAndTransform (file:///D:/krishnakant_prewedding/Wedding_invite_digital/node_modules/vite/dist/node/chunks/node.js:24646:26)
      at async viteTransformMiddleware (file:///D:/krishnakant_prewedding/Wedding_invite_digital/node_modules/vite/dist/node/chunks/node.js:24440:20)
[2m10:09:44 PM[22m [31m[1m[vite][22m[39m [31m[2m(client)[22m[39m [2m[console.error] [22m[vite] Failed to reload /wedding_invitation_2.tsx. This could be due to syntax errors or importing non-existent modules. (see errors above)
[2m10:11:07 PM[22m [31m[1m[vite][22m[39m [31m[2m(client)[22m[39m [31m[Unhandled error] [1mError[22m: Objects are not valid as a React child (found: object with keys {}). If you meant to render a collection of children, use an array instead.
[39m > throwOnInvalidObjectTypeImpl node_modules/react-dom/cjs/react-dom-client.development.js:6099:12
 > throwOnInvalidObjectType node_modules/react-dom/cjs/react-dom-client.development.js:6113:10
 > updateSlot node_modules/react-dom/cjs/react-dom-client.development.js:6482:10
 > reconcileChildrenArray node_modules/react-dom/cjs/react-dom-client.development.js:6635:25
 > reconcileChildFibersImpl node_modules/react-dom/cjs/react-dom-client.development.js:6993:29
 > node_modules/react-dom/cjs/react-dom-client.development.js:7098:32
 > reconcileChildren node_modules/react-dom/cjs/react-dom-client.development.js:9702:12
 > beginWork node_modules/react-dom/cjs/react-dom-client.development.js:12126:12
 > runWithFiberInDEV node_modules/react-dom/cjs/react-dom-client.development.js:871:29
 > performUnitOfWork node_modules/react-dom/cjs/react-dom-client.development.js:17641:21

[2m10:11:07 PM[22m [33m[1m[vite][22m[39m [33m[2m(client)[22m[39m [2m[console.warn] [22mAn error occurred in the <Fragment> component.

Consider adding an error boundary to your tree to customize error handling behavior.
Visit https://react.dev/link/error-boundaries to learn more about error boundaries.

[2m10:11:11 PM[22m [31m[1m[vite][22m[39m [31m[2m(client)[22m[39m [31m[Unhandled error] [1mError[22m: Objects are not valid as a React child (found: object with keys {}). If you meant to render a collection of children, use an array instead.
[39m > throwOnInvalidObjectTypeImpl node_modules/react-dom/cjs/react-dom-client.development.js:6099:12
 > throwOnInvalidObjectType node_modules/react-dom/cjs/react-dom-client.development.js:6113:10
 > createChild node_modules/react-dom/cjs/react-dom-client.development.js:6401:10
 > reconcileChildrenArray node_modules/react-dom/cjs/react-dom-client.development.js:6670:24
 > reconcileChildFibersImpl node_modules/react-dom/cjs/react-dom-client.development.js:6993:29
 > node_modules/react-dom/cjs/react-dom-client.development.js:7098:32
 > reconcileChildren node_modules/react-dom/cjs/react-dom-client.development.js:9701:12
 > beginWork node_modules/react-dom/cjs/react-dom-client.development.js:12126:12
 > runWithFiberInDEV node_modules/react-dom/cjs/react-dom-client.development.js:871:29
 > performUnitOfWork node_modules/react-dom/cjs/react-dom-client.development.js:17641:21

[2m10:11:11 PM[22m [33m[1m[vite][22m[39m [33m[2m(client)[22m[39m [2m[console.warn] [22mAn error occurred in the <Fragment> component.

Consider adding an error boundary to your tree to customize error handling behavior.
Visit https://react.dev/link/error-boundaries to learn more about error boundaries.

[2m12:51:48 AM[22m [31m[1m[vite][22m[39m [31m[2m(client)[22m[39m Pre-transform error: Failed to resolve import "./Pngtree—pigeon_183080.png" from "wedding_invitation_2.tsx". Does the file exist?
  Plugin: [35mvite:import-analysis[39m
  File: [36mD:/krishnakant_prewedding/Wedding_invite_digital/wedding_invitation_2.tsx[39m:8:22
[33m  6  |  import wardrobePlanner from "./Wadrobe_planner.jpeg";
  7  |  import bgMusic from "./Swing-Machine-chosic.com_.mp3";
  8  |  import pigeonImg from "./Pngtree—pigeon_183080.png";
     |                         ^
  9  |  var _jsxFileName = "D:/krishnakant_prewedding/Wedding_invite_digital/wedding_invitation_2.tsx";
  10 |  import { jsxDEV as _jsxDEV } from "react/jsx-dev-runtime";[39m
[2m12:51:48 AM[22m [31m[1m[vite][22m[39m [31mInternal server error: Failed to resolve import "./Pngtree—pigeon_183080.png" from "wedding_invitation_2.tsx". Does the file exist?[39m
  Plugin: [35mvite:import-analysis[39m
  File: [36mD:/krishnakant_prewedding/Wedding_invite_digital/wedding_invitation_2.tsx[39m:8:22
[33m  6  |  import wardrobePlanner from "./Wadrobe_planner.jpeg";
  7  |  import bgMusic from "./Swing-Machine-chosic.com_.mp3";
  8  |  import pigeonImg from "./Pngtree—pigeon_183080.png";
     |                         ^
  9  |  var _jsxFileName = "D:/krishnakant_prewedding/Wedding_invite_digital/wedding_invitation_2.tsx";
  10 |  import { jsxDEV as _jsxDEV } from "react/jsx-dev-runtime";[39m
      at TransformPluginContext._formatLog (file:///D:/krishnakant_prewedding/Wedding_invite_digital/node_modules/vite/dist/node/chunks/node.js:30602:39)
      at TransformPluginContext.error (file:///D:/krishnakant_prewedding/Wedding_invite_digital/node_modules/vite/dist/node/chunks/node.js:30599:14)
      at normalizeUrl (file:///D:/krishnakant_prewedding/Wedding_invite_digital/node_modules/vite/dist/node/chunks/node.js:27842:18)
      at async file:///D:/krishnakant_prewedding/Wedding_invite_digital/node_modules/vite/dist/node/chunks/node.js:27905:30
      at async Promise.all (index 7)
      at async TransformPluginContext.transform (file:///D:/krishnakant_prewedding/Wedding_invite_digital/node_modules/vite/dist/node/chunks/node.js:27873:4)
      at async EnvironmentPluginContainer.transform (file:///D:/krishnakant_prewedding/Wedding_invite_digital/node_modules/vite/dist/node/chunks/node.js:30387:14)
      at async loadAndTransform (file:///D:/krishnakant_prewedding/Wedding_invite_digital/node_modules/vite/dist/node/chunks/node.js:24646:26)
[2m12:51:48 AM[22m [31m[1m[vite][22m[39m [31m[2m(client)[22m[39m [2m[console.error] [22m[vite] Failed to reload /wedding_invitation_2.tsx. This could be due to syntax errors or importing non-existent modules. (see errors above)
