[2m8:21:38 PM[22m [31m[1m[vite][22m[39m [31mInternal server error: Failed to resolve import "./DSC05133.jpg" from "wedding_invitation.tsx". Does the file exist?[39m
  Plugin: [35mvite:import-analysis[39m
  File: [36mD:/krishnakant_prewedding/Wedding_invite_digital/wedding_invitation.tsx[39m:2:22
[33m  1  |  import { useState, useEffect, useRef } from "react";
  2  |  import heroPhoto from "./DSC05133.jpg";
     |                         ^
  3  |  var _jsxFileName = "D:/krishnakant_prewedding/Wedding_invite_digital/wedding_invitation.tsx";
  4  |  import { jsxDEV as _jsxDEV } from "react/jsx-dev-runtime";[39m
      at TransformPluginContext._formatLog (file:///D:/krishnakant_prewedding/Wedding_invite_digital/node_modules/vite/dist/node/chunks/node.js:30602:39)
      at TransformPluginContext.error (file:///D:/krishnakant_prewedding/Wedding_invite_digital/node_modules/vite/dist/node/chunks/node.js:30599:14)
      at normalizeUrl (file:///D:/krishnakant_prewedding/Wedding_invite_digital/node_modules/vite/dist/node/chunks/node.js:27842:18)
      at async file:///D:/krishnakant_prewedding/Wedding_invite_digital/node_modules/vite/dist/node/chunks/node.js:27905:30
      at async Promise.all (index 1)
      at async TransformPluginContext.transform (file:///D:/krishnakant_prewedding/Wedding_invite_digital/node_modules/vite/dist/node/chunks/node.js:27873:4)
      at async EnvironmentPluginContainer.transform (file:///D:/krishnakant_prewedding/Wedding_invite_digital/node_modules/vite/dist/node/chunks/node.js:30387:14)
      at async loadAndTransform (file:///D:/krishnakant_prewedding/Wedding_invite_digital/node_modules/vite/dist/node/chunks/node.js:24646:26)
      at async viteTransformMiddleware (file:///D:/krishnakant_prewedding/Wedding_invite_digital/node_modules/vite/dist/node/chunks/node.js:24440:20)
[2m8:21:38 PM[22m [31m[1m[vite][22m[39m [31m[2m(client)[22m[39m Pre-transform error: Failed to resolve import "./DSC05133.jpg" from "wedding_invitation.tsx". Does the file exist?
  Plugin: [35mvite:import-analysis[39m
  File: [36mD:/krishnakant_prewedding/Wedding_invite_digital/wedding_invitation.tsx[39m:2:22
[33m  1  |  import { useState, useEffect, useRef } from "react";
  2  |  import heroPhoto from "./DSC05133.jpg";
     |                         ^
  3  |  var _jsxFileName = "D:/krishnakant_prewedding/Wedding_invite_digital/wedding_invitation.tsx";
  4  |  import { jsxDEV as _jsxDEV } from "react/jsx-dev-runtime";[39m
[2m8:21:38 PM[22m [31m[1m[vite][22m[39m [31m[2m(client)[22m[39m Pre-transform error: Failed to resolve import "./DSC05133.jpg" from "wedding_invitation.tsx". Does the file exist?
  Plugin: [35mvite:import-analysis[39m
  File: [36mD:/krishnakant_prewedding/Wedding_invite_digital/wedding_invitation.tsx[39m:2:22
[33m  1  |  import { useState, useEffect, useRef } from "react";
  2  |  import heroPhoto from "./DSC05133.jpg";
     |                         ^
  3  |  var _jsxFileName = "D:/krishnakant_prewedding/Wedding_invite_digital/wedding_invitation.tsx";
  4  |  import { jsxDEV as _jsxDEV } from "react/jsx-dev-runtime";[39m
[2m8:21:38 PM[22m [31m[1m[vite][22m[39m [31m[2m(client)[22m[39m [2m[console.error] [22m[vite] Failed to reload /wedding_invitation.tsx. This could be due to syntax errors or importing non-existent modules. (see errors above)
[2m8:21:49 PM[22m [31m[1m[vite][22m[39m [31m[2m(client)[22m[39m Pre-transform error: Failed to resolve import "./DSC05133.jpg" from "wedding_invitation.tsx". Does the file exist?
  Plugin: [35mvite:import-analysis[39m
  File: [36mD:/krishnakant_prewedding/Wedding_invite_digital/wedding_invitation.tsx[39m:2:22
[33m  1  |  import { useState, useEffect, useRef } from "react";
  2  |  import heroPhoto from "./DSC05133.jpg";
     |                         ^
  3  |  var _jsxFileName = "D:/krishnakant_prewedding/Wedding_invite_digital/wedding_invitation.tsx";
  4  |  import { jsxDEV as _jsxDEV } from "react/jsx-dev-runtime";[39m
[2m8:21:49 PM[22m [31m[1m[vite][22m[39m [31m[2m(client)[22m[39m Pre-transform error: Failed to resolve import "./DSC05133.jpg" from "wedding_invitation.tsx". Does the file exist?
  Plugin: [35mvite:import-analysis[39m
  File: [36mD:/krishnakant_prewedding/Wedding_invite_digital/wedding_invitation.tsx[39m:2:22
[33m  1  |  import { useState, useEffect, useRef } from "react";
  2  |  import heroPhoto from "./DSC05133.jpg";
     |                         ^
  3  |  var _jsxFileName = "D:/krishnakant_prewedding/Wedding_invite_digital/wedding_invitation.tsx";
  4  |  import { jsxDEV as _jsxDEV } from "react/jsx-dev-runtime";[39m
[2m8:21:50 PM[22m [31m[1m[vite][22m[39m [31m[2m(client)[22m[39m Pre-transform error: Failed to resolve import "./DSC05133.jpg" from "wedding_invitation.tsx". Does the file exist?
  Plugin: [35mvite:import-analysis[39m
  File: [36mD:/krishnakant_prewedding/Wedding_invite_digital/wedding_invitation.tsx[39m:2:22
[33m  1  |  import { useState, useEffect, useRef } from "react";
  2  |  import heroPhoto from "./DSC05133.jpg";
     |                         ^
  3  |  var _jsxFileName = "D:/krishnakant_prewedding/Wedding_invite_digital/wedding_invitation.tsx";
  4  |  import { jsxDEV as _jsxDEV } from "react/jsx-dev-runtime";[39m
[2m8:21:50 PM[22m [31m[1m[vite][22m[39m [31mInternal server error: Failed to resolve import "./DSC05133.jpg" from "wedding_invitation.tsx". Does the file exist?[39m
  Plugin: [35mvite:import-analysis[39m
  File: [36mD:/krishnakant_prewedding/Wedding_invite_digital/wedding_invitation.tsx[39m:2:22
[33m  1  |  import { useState, useEffect, useRef } from "react";
  2  |  import heroPhoto from "./DSC05133.jpg";
     |                         ^
  3  |  var _jsxFileName = "D:/krishnakant_prewedding/Wedding_invite_digital/wedding_invitation.tsx";
  4  |  import { jsxDEV as _jsxDEV } from "react/jsx-dev-runtime";[39m
      at TransformPluginContext._formatLog (file:///D:/krishnakant_prewedding/Wedding_invite_digital/node_modules/vite/dist/node/chunks/node.js:30602:39)
      at TransformPluginContext.error (file:///D:/krishnakant_prewedding/Wedding_invite_digital/node_modules/vite/dist/node/chunks/node.js:30599:14)
      at normalizeUrl (file:///D:/krishnakant_prewedding/Wedding_invite_digital/node_modules/vite/dist/node/chunks/node.js:27842:18)
      at async file:///D:/krishnakant_prewedding/Wedding_invite_digital/node_modules/vite/dist/node/chunks/node.js:27905:30
      at async Promise.all (index 1)
      at async TransformPluginContext.transform (file:///D:/krishnakant_prewedding/Wedding_invite_digital/node_modules/vite/dist/node/chunks/node.js:27873:4)
      at async EnvironmentPluginContainer.transform (file:///D:/krishnakant_prewedding/Wedding_invite_digital/node_modules/vite/dist/node/chunks/node.js:30387:14)
      at async loadAndTransform (file:///D:/krishnakant_prewedding/Wedding_invite_digital/node_modules/vite/dist/node/chunks/node.js:24646:26)
